<?xml version="1.0" encoding="UTF-8"?>
<testng-results skipped="0" failed="0" ignored="0" total="1" passed="1">
  <reporter-output>
  </reporter-output>
  <suite name="Default suite" duration-ms="32082" started-at="2019-09-27T19:11:08Z" finished-at="2019-09-27T19:11:40Z">
    <groups>
    </groups>
    <test name="Default test" duration-ms="32082" started-at="2019-09-27T19:11:08Z" finished-at="2019-09-27T19:11:40Z">
      <class name="page.tests.manu.SettingsTest">
        <test-method status="PASS" signature="OpcijeSettings()[pri:0, instance:page.tests.manu.SettingsTest@73846619]" name="OpcijeSettings" duration-ms="32038" started-at="2019-09-27T19:11:08Z" finished-at="2019-09-27T19:11:40Z">
          <reporter-output>
          </reporter-output>
        </test-method> <!-- OpcijeSettings -->
      </class> <!-- page.tests.manu.SettingsTest -->
    </test> <!-- Default test -->
  </suite> <!-- Default suite -->
</testng-results>
